<?xml version="1.0" encoding="UTF-8"?>
<!-- Generated by org.testng.reporters.JUnitXMLReporter -->
<testsuite ignored="0" hostname="Pranav" failures="0" tests="3" name="Default test" time="19.19" errors="0" timestamp="2023-09-21T12:50:26 IST">
  <testcase classname="Module1_Test.Adactin_TestClass" name="VerifyUserName" time="0.729"/>
  <testcase classname="Module1_Test.Adactin_TestClass" name="GetTitleofApp" time="0.072"/>
  <testcase classname="Module1_Test.Adactin_TestClass" name="BookAHotel" time="3.88"/>
</testsuite> <!-- Default test -->
