<?xml version="1.0" encoding="UTF-8"?>
<testng-results ignored="0" total="3" passed="3" failed="0" skipped="0">
  <reporter-output>
  </reporter-output>
  <suite started-at="2023-09-21T12:50:07 IST" name="Default suite" finished-at="2023-09-21T12:50:26 IST" duration-ms="19190">
    <groups>
    </groups>
    <test started-at="2023-09-21T12:50:07 IST" name="Default test" finished-at="2023-09-21T12:50:26 IST" duration-ms="19190">
      <class name="Module1_Test.Adactin_TestClass">
        <test-method is-config="true" signature="OpenBrowser()[pri:0, instance:Module1_Test.Adactin_TestClass@1ca3b418]" started-at="2023-09-21T12:50:07 IST" name="OpenBrowser" finished-at="2023-09-21T12:50:13 IST" duration-ms="5806" status="PASS">
          <reporter-output>
          </reporter-output>
        </test-method> <!-- OpenBrowser -->
        <test-method is-config="true" signature="LoginToAPP()[pri:0, instance:Module1_Test.Adactin_TestClass@1ca3b418]" started-at="2023-09-21T12:50:13 IST" name="LoginToAPP" finished-at="2023-09-21T12:50:16 IST" duration-ms="3198" status="PASS">
          <reporter-output>
          </reporter-output>
        </test-method> <!-- LoginToAPP -->
        <test-method signature="VerifyUserName()[pri:1, instance:Module1_Test.Adactin_TestClass@1ca3b418]" started-at="2023-09-21T12:50:16 IST" name="VerifyUserName" finished-at="2023-09-21T12:50:17 IST" duration-ms="729" status="PASS">
          <reporter-output>
          </reporter-output>
        </test-method> <!-- VerifyUserName -->
        <test-method is-config="true" signature="LogoutFromApp(org.testng.ITestResult)[pri:0, instance:Module1_Test.Adactin_TestClass@1ca3b418]" started-at="2023-09-21T12:50:17 IST" name="LogoutFromApp" finished-at="2023-09-21T12:50:18 IST" duration-ms="1165" status="PASS">
          <params>
            <param index="0">
              <value>
                <![CDATA[[TestResult name=VerifyUserName status=SUCCESS method=Adactin_TestClass.VerifyUserName()[pri:1, instance:Module1_Test.Adactin_TestClass@1ca3b418] output={null}]]]>
              </value>
            </param>
          </params>
          <reporter-output>
          </reporter-output>
        </test-method> <!-- LogoutFromApp -->
        <test-method is-config="true" signature="LoginToAPP()[pri:0, instance:Module1_Test.Adactin_TestClass@1ca3b418]" started-at="2023-09-21T12:50:18 IST" name="LoginToAPP" finished-at="2023-09-21T12:50:19 IST" duration-ms="985" status="PASS">
          <reporter-output>
          </reporter-output>
        </test-method> <!-- LoginToAPP -->
        <test-method signature="GetTitleofApp()[pri:2, instance:Module1_Test.Adactin_TestClass@1ca3b418]" started-at="2023-09-21T12:50:19 IST" name="GetTitleofApp" finished-at="2023-09-21T12:50:19 IST" duration-ms="72" status="PASS">
          <reporter-output>
          </reporter-output>
        </test-method> <!-- GetTitleofApp -->
        <test-method is-config="true" signature="LogoutFromApp(org.testng.ITestResult)[pri:0, instance:Module1_Test.Adactin_TestClass@1ca3b418]" started-at="2023-09-21T12:50:19 IST" name="LogoutFromApp" finished-at="2023-09-21T12:50:20 IST" duration-ms="1045" status="PASS">
          <params>
            <param index="0">
              <value>
                <![CDATA[[TestResult name=GetTitleofApp status=SUCCESS method=Adactin_TestClass.GetTitleofApp()[pri:2, instance:Module1_Test.Adactin_TestClass@1ca3b418] output={null}]]]>
              </value>
            </param>
          </params>
          <reporter-output>
          </reporter-output>
        </test-method> <!-- LogoutFromApp -->
        <test-method is-config="true" signature="LoginToAPP()[pri:0, instance:Module1_Test.Adactin_TestClass@1ca3b418]" started-at="2023-09-21T12:50:20 IST" name="LoginToAPP" finished-at="2023-09-21T12:50:21 IST" duration-ms="933" status="PASS">
          <reporter-output>
          </reporter-output>
        </test-method> <!-- LoginToAPP -->
        <test-method signature="BookAHotel()[pri:3, instance:Module1_Test.Adactin_TestClass@1ca3b418]" started-at="2023-09-21T12:50:21 IST" name="BookAHotel" finished-at="2023-09-21T12:50:25 IST" duration-ms="3880" status="PASS">
          <reporter-output>
          </reporter-output>
        </test-method> <!-- BookAHotel -->
        <test-method is-config="true" signature="LogoutFromApp(org.testng.ITestResult)[pri:0, instance:Module1_Test.Adactin_TestClass@1ca3b418]" started-at="2023-09-21T12:50:25 IST" name="LogoutFromApp" finished-at="2023-09-21T12:50:26 IST" duration-ms="1171" status="PASS">
          <params>
            <param index="0">
              <value>
                <![CDATA[[TestResult name=BookAHotel status=SUCCESS method=Adactin_TestClass.BookAHotel()[pri:3, instance:Module1_Test.Adactin_TestClass@1ca3b418] output={null}]]]>
              </value>
            </param>
          </params>
          <reporter-output>
          </reporter-output>
        </test-method> <!-- LogoutFromApp -->
        <test-method is-config="true" signature="CloseBrowser()[pri:0, instance:Module1_Test.Adactin_TestClass@1ca3b418]" started-at="2023-09-21T12:50:26 IST" name="CloseBrowser" finished-at="2023-09-21T12:50:26 IST" duration-ms="171" status="PASS">
          <reporter-output>
          </reporter-output>
        </test-method> <!-- CloseBrowser -->
      </class> <!-- Module1_Test.Adactin_TestClass -->
    </test> <!-- Default test -->
  </suite> <!-- Default suite -->
</testng-results>
